Building ...
Compiling src/hello_world/core.cljs
Reading analysis cache for jar:file:/home/tmtwd/clojure.d/helloworld-node/cljs.jar!/cljs/nodejs.cljs
Compiling out/cljs/nodejs.cljs
Compiling out/cljs/core.cljs
Using cached cljs.core out/cljs/core.cljs
... done. Elapsed 0.371319657 seconds
Watching paths: /home/tmtwd/clojure.d/helloworld-node/src
Change detected, recompiling ...
Compiling src/hello_world/core.cljs
Compiling out/cljs/nodejs.cljs
Compiling out/cljs/core.cljs
Using cached cljs.core out/cljs/core.cljs
... done. Elapsed 0.335481493 seconds
Change detected, recompiling ...
Compiling out/cljs/core.cljs
Using cached cljs.core out/cljs/core.cljs
... done. Elapsed 0.222339329 seconds
Change detected, recompiling ...
Compiling src/hello_world/core.cljs
Compiling out/cljs/nodejs.cljs
Compiling out/cljs/core.cljs
Using cached cljs.core out/cljs/core.cljs
... done. Elapsed 0.218851413 seconds
Change detected, recompiling ...
Compiling out/cljs/core.cljs
Using cached cljs.core out/cljs/core.cljs
... done. Elapsed 0.152914105 seconds
